<?xml version="1.0" encoding="UTF-8"?>
<!-- Generated by org.testng.reporters.JUnitReportReporter -->
<testsuite hostname="DESKTOP-LAUHH40" failures="0" tests="1" name="ExcelDrivenTest" time="2.793" errors="0" timestamp="2023-07-03T17:23:15 IST" skipped="0">
  <testcase classname="ExcelDrivenTest" name="addbook" time="2.793"/>
</testsuite> <!-- ExcelDrivenTest -->
