<?xml version="1.0" encoding="UTF-8"?>
<!-- Generated by org.testng.reporters.JUnitReportReporter -->
<testsuite hostname="DESKTOP-LAUHH40" failures="0" tests="1" name="SumValidation" time="1.061" errors="0" timestamp="2022-09-08T13:30:57 AEST" skipped="0">
  <testcase classname="SumValidation" name="SumOfCourses" time="1.061"/>
  <system-out/>
</testsuite> <!-- SumValidation -->
