<?xml version="1.0" encoding="UTF-8"?>
<!-- Generated by org.testng.reporters.JUnitReportReporter -->
<testsuite hostname="DESKTOP-LAUHH40" failures="0" tests="4" name="DynamicJson" time="2.515" errors="0" timestamp="2022-09-08T21:58:38 AEST" skipped="0">
  <testcase classname="DynamicJson" name="addMultiBook" time="0.361"/>
  <system-out/>
  <testcase classname="DynamicJson" name="addMultiBook" time="1.492"/>
  <system-out/>
  <testcase classname="DynamicJson" name="deleteAddedBooks" time="0.274"/>
  <system-out/>
  <testcase classname="DynamicJson" name="addMultiBook" time="0.388"/>
  <system-out/>
</testsuite> <!-- DynamicJson -->
